Wed 12 Apr 2023 10:32:10 PM UTC: 
 hashmap.c | 2 +-
 1 file changed, 1 insertion(+), 1 deletion(-)
 tests:  0|6
total_score: 0/70
c4db1d0
Wed 12 Apr 2023 10:37:21 PM UTC: 
 hashmap.c | 18 ++++++++++--------
 1 file changed, 10 insertions(+), 8 deletions(-)
 tests:  0|6
total_score: 0/70
81b3854
Wed 12 Apr 2023 10:38:59 PM UTC: 
 hashmap.c | 2 +-
 1 file changed, 1 insertion(+), 1 deletion(-)
 tests:  0|6
total_score: 0/70
03c60cc
Wed 12 Apr 2023 10:39:57 PM UTC: 
 hashmap.c | 6 +++++-
 1 file changed, 5 insertions(+), 1 deletion(-)
 tests:  0|6
total_score: 0/70
237372b
Wed 12 Apr 2023 10:40:53 PM UTC: 
 hashmap.c | 2 +-
 1 file changed, 1 insertion(+), 1 deletion(-)
 tests:  1|5
total_score: 10/70
f3a586d
Wed 12 Apr 2023 10:41:32 PM UTC: 
 hashmap.c | 6 +++---
 1 file changed, 3 insertions(+), 3 deletions(-)
 tests:  1|5
total_score: 10/70
9fcee3f
Wed 12 Apr 2023 10:41:56 PM UTC: 
 hashmap.c | 4 ----
 1 file changed, 4 deletions(-)
 tests:  1|5
total_score: 10/70
3866e9c
Wed 12 Apr 2023 10:49:26 PM UTC: 
 hashmap.c | 24 ++++++++++++++++++++++++
 1 file changed, 24 insertions(+)
In file included from test.c:4:
hashmap.c: In function ‘insertMap’:
hashmap.c:56:16: error: too few arguments to function ‘hash’
   56 |   long index = hash(key) % map->capacity;
      |                ^~~~
hashmap.c:26:6: note: declared here
   26 | long hash( char * key, long capacity) {
      |      ^~~~
hashmap.c:65:32: error: expected ‘;’ before ‘newPair’
   65 |       strcpy(nuevoPar->key,key)
      |                                ^
      |                                ;
   66 |       newPair->value = value;
      |       ~~~~~~~                   
hashmap.c:67:29: error: ‘newPair’ undeclared (first use in this function); did you mean ‘Pair’?
   67 |       map->buckets[index] = newPair;
      |                             ^~~~~~~
      |                             Pair
hashmap.c:67:29: note: each undeclared identifier is reported only once for each function it appears in
hashmap.c:74:38: error: expected ‘;’ before ‘if’
   74 |     index = (index+1) % map->capacity
      |                                      ^
      |                                      ;
   75 | 
   76 |     if(index == primerIndex){
      |     ~~                                
hashmap.c:57:8: error: unused variable ‘primerIndex’ [-Werror=unused-variable]
   57 |   long primerIndex = index;
      |        ^~~~~~~~~~~
cc1: all warnings being treated as errors
Compilation failed
ff1dc35
Wed 12 Apr 2023 10:49:48 PM UTC: 
 hashmap.c | 4 ++--
 1 file changed, 2 insertions(+), 2 deletions(-)
In file included from test.c:4:
hashmap.c: In function ‘insertMap’:
hashmap.c:56:16: error: too few arguments to function ‘hash’
   56 |   long index = hash(key) % map->capacity;
      |                ^~~~
hashmap.c:26:6: note: declared here
   26 | long hash( char * key, long capacity) {
      |      ^~~~
hashmap.c:65:32: error: expected ‘;’ before ‘nuevoPar’
   65 |       strcpy(nuevoPar->key,key)
      |                                ^
      |                                ;
   66 |       nuevoPar->value = value;
      |       ~~~~~~~~                  
hashmap.c:74:38: error: expected ‘;’ before ‘if’
   74 |     index = (index+1) % map->capacity
      |                                      ^
      |                                      ;
   75 | 
   76 |     if(index == primerIndex){
      |     ~~                                
hashmap.c:57:8: error: unused variable ‘primerIndex’ [-Werror=unused-variable]
   57 |   long primerIndex = index;
      |        ^~~~~~~~~~~
cc1: all warnings being treated as errors
Compilation failed
4d737ee
Wed 12 Apr 2023 10:50:05 PM UTC: 
 hashmap.c | 4 ++--
 1 file changed, 2 insertions(+), 2 deletions(-)
In file included from test.c:4:
hashmap.c: In function ‘insertMap’:
hashmap.c:74:38: error: expected ‘;’ before ‘if’
   74 |     index = (index+1) % map->capacity
      |                                      ^
      |                                      ;
   75 | 
   76 |     if(index == primerIndex){
      |     ~~                                
hashmap.c:57:8: error: unused variable ‘primerIndex’ [-Werror=unused-variable]
   57 |   long primerIndex = index;
      |        ^~~~~~~~~~~
cc1: all warnings being treated as errors
Compilation failed
5dbcd07
Wed 12 Apr 2023 10:50:20 PM UTC: 
 hashmap.c | 2 +-
 1 file changed, 1 insertion(+), 1 deletion(-)
 tests:  0|0
d2111e6
Wed 12 Apr 2023 10:51:13 PM UTC: 
 hashmap.c | 2 +-
 1 file changed, 1 insertion(+), 1 deletion(-)
 tests:  0|0
38e8312
Wed 12 Apr 2023 10:53:18 PM UTC: 
 hashmap.c | 2 +-
 1 file changed, 1 insertion(+), 1 deletion(-)
 tests:  5|4
total_score: 30/70
f964c86
Wed 12 Apr 2023 10:58:17 PM UTC: 
 hashmap.c | 28 ++++++++++++++++++++--------
 1 file changed, 20 insertions(+), 8 deletions(-)
In file included from test.c:4:
hashmap.c: In function ‘eraseMap’:
hashmap.c:89:32: error: ‘return’ with a value, in function returning void [-Werror=return-type]
   89 |     if(current == NULL) return NULL;
      |                                ^~~~
hashmap.c:82:6: note: declared here
   82 | void eraseMap(HashMap * map,  char * key) {
      |      ^~~~~~~~
cc1: all warnings being treated as errors
Compilation failed
28db2d5
Wed 12 Apr 2023 10:58:26 PM UTC: 
 hashmap.c | 2 +-
 1 file changed, 1 insertion(+), 1 deletion(-)
 tests:  5|4
total_score: 30/70
77008e2
Wed 12 Apr 2023 10:59:14 PM UTC: 
 hashmap.c | 12 ++++++------
 1 file changed, 6 insertions(+), 6 deletions(-)
In file included from test.c:4:
hashmap.c: In function ‘searchMap’:
hashmap.c:83:25: error: ‘return’ with no value, in function returning non-void [-Werror=return-type]
   83 |     if(current == NULL) return;
      |                         ^~~~~~
hashmap.c:76:8: note: declared here
   76 | Pair * searchMap(HashMap * map,  char * key) {
      |        ^~~~~~~~~
hashmap.c:87:7: error: ‘return’ with no value, in function returning non-void [-Werror=return-type]
   87 |       return;
      |       ^~~~~~
hashmap.c:76:8: note: declared here
   76 | Pair * searchMap(HashMap * map,  char * key) {
      |        ^~~~~~~~~
hashmap.c:92:30: error: ‘return’ with no value, in function returning non-void [-Werror=return-type]
   92 |     if(index == primerIndex) return;
      |                              ^~~~~~
hashmap.c:76:8: note: declared here
   76 | Pair * searchMap(HashMap * map,  char * key) {
      |        ^~~~~~~~~
cc1: all warnings being treated as errors
Compilation failed
fa8bcc9
Wed 12 Apr 2023 10:59:32 PM UTC: 
 hashmap.c | 6 +++---
 1 file changed, 3 insertions(+), 3 deletions(-)
 tests:  8|3
total_score: 40/70
1b5fc20
Wed 12 Apr 2023 11:01:39 PM UTC: 
 hashmap.c | 18 ++++++++++++++++++
 1 file changed, 18 insertions(+)
In file included from test.c:4:
hashmap.c: In function ‘eraseMap’:
hashmap.c:105:32: error: ‘return’ with a value, in function returning void [-Werror=return-type]
  105 |     if(current == NULL) return NULL;
      |                                ^~~~
hashmap.c:98:6: note: declared here
   98 | void eraseMap(HashMap * map,  char * key) {
      |      ^~~~~~~~
cc1: all warnings being treated as errors
Compilation failed
7fb6446
Wed 12 Apr 2023 11:01:48 PM UTC: 
 hashmap.c | 2 +-
 1 file changed, 1 insertion(+), 1 deletion(-)
 tests:  8|3
total_score: 40/70
7e8f213
Wed 12 Apr 2023 11:02:02 PM UTC: 
 hashmap.c | 1 +
 1 file changed, 1 insertion(+)
 tests:  11|2
total_score: 50/70
18d1cf4
Wed 12 Apr 2023 11:05:47 PM UTC: 
 hashmap.c | 17 +++++++++++++++++
 1 file changed, 17 insertions(+)
In file included from test.c:4:
hashmap.c: In function ‘firstMap’:
hashmap.c:130:28: error: ‘key’ undeclared (first use in this function); did you mean ‘key_t’?
  130 |     if(strcmp(current->key,key) == 0){
      |                            ^~~
      |                            key_t
hashmap.c:130:28: note: each undeclared identifier is reported only once for each function it appears in
Compilation failed
c279663
Wed 12 Apr 2023 11:06:17 PM UTC: 
 hashmap.c | 3 ---
 1 file changed, 3 deletions(-)
 tests:  12|2
total_score: 50/70
fdc92ec
Wed 12 Apr 2023 11:08:34 PM UTC: 
 hashmap.c | 10 ----------
 1 file changed, 10 deletions(-)
 tests:  12|2
total_score: 50/70
a8d6fb7
Wed 12 Apr 2023 11:08:56 PM UTC: 
 hashmap.c | 2 +-
 1 file changed, 1 insertion(+), 1 deletion(-)
 tests:  12|2
total_score: 50/70
4b3e804
Wed 12 Apr 2023 11:16:22 PM UTC: 
 hashmap.c | 14 +++++++++++---
 1 file changed, 11 insertions(+), 3 deletions(-)
In file included from test.c:4:
hashmap.c: In function ‘firstMap’:
hashmap.c:123:8: error: unused variable ‘primerIndex’ [-Werror=unused-variable]
  123 |   long primerIndex = index;
      |        ^~~~~~~~~~~
cc1: all warnings being treated as errors
Compilation failed
b7eb2fd
Wed 12 Apr 2023 11:16:28 PM UTC: 
 hashmap.c | 1 -
 1 file changed, 1 deletion(-)
 tests:  12|2
total_score: 50/70
38f8795
Wed 12 Apr 2023 11:18:03 PM UTC: 
 hashmap.c | 2 +-
 1 file changed, 1 insertion(+), 1 deletion(-)
 tests:  12|2
total_score: 50/70
7fa230e
Wed 12 Apr 2023 11:19:03 PM UTC: 
 hashmap.c | 8 +++++---
 1 file changed, 5 insertions(+), 3 deletions(-)
In file included from test.c:4:
hashmap.c: In function ‘firstMap’:
hashmap.c:136:10: error: ‘current’ undeclared (first use in this function)
  136 |   return current;
      |          ^~~~~~~
hashmap.c:136:10: note: each undeclared identifier is reported only once for each function it appears in
hashmap.c:137:1: error: control reaches end of non-void function [-Werror=return-type]
  137 | }
      | ^
cc1: all warnings being treated as errors
Compilation failed
98c6e59
Wed 12 Apr 2023 11:19:20 PM UTC: 
 hashmap.c | 3 ++-
 1 file changed, 2 insertions(+), 1 deletion(-)
 tests:  12|2
total_score: 50/70
06f3494
Wed 12 Apr 2023 11:21:10 PM UTC: 
 hashmap.c | 22 +++++++++++++++++++---
 1 file changed, 19 insertions(+), 3 deletions(-)
In file included from test.c:4:
hashmap.c: In function ‘firstMap’:
hashmap.c:133:17: error: ‘primerIndex’ undeclared (first use in this function)
  133 |     if(index == primerIndex) return NULL;
      |                 ^~~~~~~~~~~
hashmap.c:133:17: note: each undeclared identifier is reported only once for each function it appears in
Compilation failed
c55b386
Wed 12 Apr 2023 11:21:22 PM UTC: 
 hashmap.c | 1 +
 1 file changed, 1 insertion(+)
 tests:  12|2
total_score: 50/70
24f1b17
Wed 12 Apr 2023 11:21:48 PM UTC: 
 hashmap.c | 2 +-
 1 file changed, 1 insertion(+), 1 deletion(-)
 tests:  12|2
total_score: 50/70
c1bfe93
Wed 12 Apr 2023 11:21:55 PM UTC: 
 hashmap.c | 2 +-
 1 file changed, 1 insertion(+), 1 deletion(-)
 tests:  13|2
total_score: 50/70
4a5fd27
Wed 12 Apr 2023 11:22:06 PM UTC: 
 hashmap.c | 2 +-
 1 file changed, 1 insertion(+), 1 deletion(-)
 tests:  0|0
9fcd23a
Wed 12 Apr 2023 11:22:46 PM UTC: 
 hashmap.c | 2 +-
 1 file changed, 1 insertion(+), 1 deletion(-)
 tests:  15|2
total_score: 50/70
13b55a8
Wed 12 Apr 2023 11:23:35 PM UTC: 
 hashmap.c | 5 ++---
 1 file changed, 2 insertions(+), 3 deletions(-)
 tests:  0|0
6e4478c
Wed 12 Apr 2023 11:24:24 PM UTC: 
 hashmap.c | 7 ++++---
 1 file changed, 4 insertions(+), 3 deletions(-)
 tests:  0|0
b5bae6d
Wed 12 Apr 2023 11:24:38 PM UTC: 
 hashmap.c | 2 +-
 1 file changed, 1 insertion(+), 1 deletion(-)
 tests:  15|2
total_score: 50/70
7c5a335
Wed 12 Apr 2023 11:25:16 PM UTC: 
 hashmap.c | 2 +-
 1 file changed, 1 insertion(+), 1 deletion(-)
 tests:  13|2
total_score: 50/70
388ec13
Wed 12 Apr 2023 11:25:29 PM UTC: 
 hashmap.c | 2 +-
 1 file changed, 1 insertion(+), 1 deletion(-)
 tests:  15|2
total_score: 50/70
68a1da7
Wed 12 Apr 2023 11:27:37 PM UTC: 
 hashmap.c | 2 +-
 1 file changed, 1 insertion(+), 1 deletion(-)
 tests:  15|2
total_score: 50/70
1738b02
Wed 12 Apr 2023 11:27:52 PM UTC: 
 hashmap.c | 5 ++---
 1 file changed, 2 insertions(+), 3 deletions(-)
 tests:  16|1
total_score: 60/70
04eb0e9
Wed 12 Apr 2023 11:54:29 PM UTC: 
 hashmap.c | 2 ++
 1 file changed, 2 insertions(+)
In file included from test.c:4:
hashmap.c: In function ‘enlarge’:
hashmap.c:164:5: error: expected ‘,’ or ‘;’ before ‘enlarge_called’
  164 |     enlarge_called = 1; //no borrar (testing purposes)
      |     ^~~~~~~~~~~~~~
hashmap.c:162:12: error: unused variable ‘old_buckets’ [-Werror=unused-variable]
  162 |     Pair** old_buckets = map->buckets
      |            ^~~~~~~~~~~
cc1: all warnings being treated as errors
Compilation failed
0a2918f
